This file contains any messages produced by compilers while
running configure, to aid debugging if configure makes a mistake.

It was created by httperf configure 0.9.1, which was
generated by GNU Autoconf 2.69.  Invocation command line was

  $ ../configure 

## --------- ##
## Platform. ##
## --------- ##

hostname = admin6017-35
uname -m = x86_64
uname -r = 4.10.0-38-generic
uname -s = Linux
uname -v = #42~16.04.1-Ubuntu SMP Tue Oct 10 16:32:20 UTC 2017

/usr/bin/uname -p = unknown
/bin/uname -X     = unknown

/bin/arch              = unknown
/usr/bin/arch -k       = unknown
/usr/convex/getsysinfo = unknown
/usr/bin/hostinfo      = unknown
/bin/machine           = unknown
/usr/bin/oslevel       = unknown
/bin/universe          = unknown

PATH: /home/FDUSER/bin
PATH: /home/FDUSER/.local/bin
PATH: /usr/local/sbin
PATH: /usr/local/bin
PATH: /usr/sbin
PATH: /usr/bin
PATH: /sbin
PATH: /bin
PATH: /usr/games
PATH: /usr/local/games
PATH: /snap/bin


## ----------- ##
## Core tests. ##
## ----------- ##

configure:2336: checking build system type
configure:2350: result: x86_64-pc-linux-gnu
configure:2370: checking host system type
configure:2383: result: x86_64-pc-linux-gnu
configure:2403: checking target system type
configure:2416: result: x86_64-pc-linux-gnu
configure:2459: checking for a BSD-compatible install
configure:2527: result: /usr/bin/install -c
configure:2538: checking whether build environment is sane
configure:2593: result: yes
configure:2744: checking for a thread-safe mkdir -p
configure:2783: result: /bin/mkdir -p
configure:2790: checking for gawk
configure:2820: result: no
configure:2790: checking for mawk
configure:2806: found /usr/bin/mawk
configure:2817: result: mawk
configure:2828: checking whether make sets $(MAKE)
configure:2850: result: yes
configure:2879: checking whether make supports nested variables
configure:2896: result: yes
configure:3037: checking for style of include used by make
configure:3065: result: GNU
configure:3136: checking for gcc
configure:3152: found /usr/bin/gcc
configure:3163: result: gcc
configure:3392: checking for C compiler version
configure:3401: gcc --version >&5
gcc (Ubuntu 5.4.0-6ubuntu1~16.04.5) 5.4.0 20160609
Copyright (C) 2015 Free Software Foundation, Inc.
This is free software; see the source for copying conditions.  There is NO
warranty; not even for MERCHANTABILITY or FITNESS FOR A PARTICULAR PURPOSE.

configure:3412: $? = 0
configure:3401: gcc -v >&5
Using built-in specs.
COLLECT_GCC=gcc
COLLECT_LTO_WRAPPER=/usr/lib/gcc/x86_64-linux-gnu/5/lto-wrapper
Target: x86_64-linux-gnu
Configured with: ../src/configure -v --with-pkgversion='Ubuntu 5.4.0-6ubuntu1~16.04.5' --with-bugurl=file:///usr/share/doc/gcc-5/README.Bugs --enable-languages=c,ada,c++,java,go,d,fortran,objc,obj-c++ --prefix=/usr --program-suffix=-5 --enable-shared --enable-linker-build-id --libexecdir=/usr/lib --without-included-gettext --enable-threads=posix --libdir=/usr/lib --enable-nls --with-sysroot=/ --enable-clocale=gnu --enable-libstdcxx-debug --enable-libstdcxx-time=yes --with-default-libstdcxx-abi=new --enable-gnu-unique-object --disable-vtable-verify --enable-libmpx --enable-plugin --with-system-zlib --disable-browser-plugin --enable-java-awt=gtk --enable-gtk-cairo --with-java-home=/usr/lib/jvm/java-1.5.0-gcj-5-amd64/jre --enable-java-home --with-jvm-root-dir=/usr/lib/jvm/java-1.5.0-gcj-5-amd64 --with-jvm-jar-dir=/usr/lib/jvm-exports/java-1.5.0-gcj-5-amd64 --with-arch-directory=amd64 --with-ecj-jar=/usr/share/java/eclipse-ecj.jar --enable-objc-gc --enable-multiarch --disable-werror --with-arch-32=i686 --with-abi=m64 --with-multilib-list=m32,m64,mx32 --enable-multilib --with-tune=generic --enable-checking=release --build=x86_64-linux-gnu --host=x86_64-linux-gnu --target=x86_64-linux-gnu
Thread model: posix
gcc version 5.4.0 20160609 (Ubuntu 5.4.0-6ubuntu1~16.04.5) 
configure:3412: $? = 0
configure:3401: gcc -V >&5
gcc: error: unrecognized command line option '-V'
gcc: fatal error: no input files
compilation terminated.
configure:3412: $? = 1
configure:3401: gcc -qversion >&5
gcc: error: unrecognized command line option '-qversion'
gcc: fatal error: no input files
compilation terminated.
configure:3412: $? = 1
configure:3432: checking whether the C compiler works
configure:3454: gcc    conftest.c  >&5
configure:3458: $? = 0
configure:3506: result: yes
configure:3509: checking for C compiler default output file name
configure:3511: result: a.out
configure:3517: checking for suffix of executables
configure:3524: gcc -o conftest    conftest.c  >&5
configure:3528: $? = 0
configure:3550: result: 
configure:3572: checking whether we are cross compiling
configure:3580: gcc -o conftest    conftest.c  >&5
configure:3584: $? = 0
configure:3591: ./conftest
configure:3595: $? = 0
configure:3610: result: no
configure:3615: checking for suffix of object files
configure:3637: gcc -c   conftest.c >&5
configure:3641: $? = 0
configure:3662: result: o
configure:3666: checking whether we are using the GNU C compiler
configure:3685: gcc -c   conftest.c >&5
configure:3685: $? = 0
configure:3694: result: yes
configure:3703: checking whether gcc accepts -g
configure:3723: gcc -c -g  conftest.c >&5
configure:3723: $? = 0
configure:3764: result: yes
configure:3781: checking for gcc option to accept ISO C89
configure:3844: gcc  -c -g -O2  conftest.c >&5
configure:3844: $? = 0
configure:3857: result: none needed
configure:3882: checking whether gcc understands -c and -o together
configure:3904: gcc -c conftest.c -o conftest2.o
configure:3907: $? = 0
configure:3904: gcc -c conftest.c -o conftest2.o
configure:3907: $? = 0
configure:3919: result: yes
configure:3938: checking dependency style of gcc
configure:4049: result: gcc3
configure:4070: checking how to run the C preprocessor
configure:4101: gcc -E  conftest.c
configure:4101: $? = 0
configure:4115: gcc -E  conftest.c
conftest.c:11:28: fatal error: ac_nonexistent.h: No such file or directory
compilation terminated.
configure:4115: $? = 1
configure: failed program was:
| /* confdefs.h */
| #define PACKAGE_NAME "httperf"
| #define PACKAGE_TARNAME "httperf"
| #define PACKAGE_VERSION "0.9.1"
| #define PACKAGE_STRING "httperf 0.9.1"
| #define PACKAGE_BUGREPORT "httperf@linux.hpl.hp.com"
| #define PACKAGE_URL ""
| #define PACKAGE "httperf"
| #define VERSION "0.9.1"
| /* end confdefs.h.  */
| #include <ac_nonexistent.h>
configure:4140: result: gcc -E
configure:4160: gcc -E  conftest.c
configure:4160: $? = 0
configure:4174: gcc -E  conftest.c
conftest.c:11:28: fatal error: ac_nonexistent.h: No such file or directory
compilation terminated.
configure:4174: $? = 1
configure: failed program was:
| /* confdefs.h */
| #define PACKAGE_NAME "httperf"
| #define PACKAGE_TARNAME "httperf"
| #define PACKAGE_VERSION "0.9.1"
| #define PACKAGE_STRING "httperf 0.9.1"
| #define PACKAGE_BUGREPORT "httperf@linux.hpl.hp.com"
| #define PACKAGE_URL ""
| #define PACKAGE "httperf"
| #define VERSION "0.9.1"
| /* end confdefs.h.  */
| #include <ac_nonexistent.h>
configure:4203: checking for grep that handles long lines and -e
configure:4261: result: /bin/grep
configure:4266: checking for egrep
configure:4328: result: /bin/grep -E
configure:4333: checking for ANSI C header files
configure:4353: gcc -c -g -O2  conftest.c >&5
configure:4353: $? = 0
configure:4426: gcc -o conftest -g -O2   conftest.c  >&5
configure:4426: $? = 0
configure:4426: ./conftest
configure:4426: $? = 0
configure:4437: result: yes
configure:4450: checking for sys/types.h
configure:4450: gcc -c -g -O2  conftest.c >&5
configure:4450: $? = 0
configure:4450: result: yes
configure:4450: checking for sys/stat.h
configure:4450: gcc -c -g -O2  conftest.c >&5
configure:4450: $? = 0
configure:4450: result: yes
configure:4450: checking for stdlib.h
configure:4450: gcc -c -g -O2  conftest.c >&5
configure:4450: $? = 0
configure:4450: result: yes
configure:4450: checking for string.h
configure:4450: gcc -c -g -O2  conftest.c >&5
configure:4450: $? = 0
configure:4450: result: yes
configure:4450: checking for memory.h
configure:4450: gcc -c -g -O2  conftest.c >&5
configure:4450: $? = 0
configure:4450: result: yes
configure:4450: checking for strings.h
configure:4450: gcc -c -g -O2  conftest.c >&5
configure:4450: $? = 0
configure:4450: result: yes
configure:4450: checking for inttypes.h
configure:4450: gcc -c -g -O2  conftest.c >&5
configure:4450: $? = 0
configure:4450: result: yes
configure:4450: checking for stdint.h
configure:4450: gcc -c -g -O2  conftest.c >&5
configure:4450: $? = 0
configure:4450: result: yes
configure:4450: checking for unistd.h
configure:4450: gcc -c -g -O2  conftest.c >&5
configure:4450: $? = 0
configure:4450: result: yes
configure:4463: checking minix/config.h usability
configure:4463: gcc -c -g -O2  conftest.c >&5
conftest.c:54:26: fatal error: minix/config.h: No such file or directory
compilation terminated.
configure:4463: $? = 1
configure: failed program was:
| /* confdefs.h */
| #define PACKAGE_NAME "httperf"
| #define PACKAGE_TARNAME "httperf"
| #define PACKAGE_VERSION "0.9.1"
| #define PACKAGE_STRING "httperf 0.9.1"
| #define PACKAGE_BUGREPORT "httperf@linux.hpl.hp.com"
| #define PACKAGE_URL ""
| #define PACKAGE "httperf"
| #define VERSION "0.9.1"
| #define STDC_HEADERS 1
| #define HAVE_SYS_TYPES_H 1
| #define HAVE_SYS_STAT_H 1
| #define HAVE_STDLIB_H 1
| #define HAVE_STRING_H 1
| #define HAVE_MEMORY_H 1
| #define HAVE_STRINGS_H 1
| #define HAVE_INTTYPES_H 1
| #define HAVE_STDINT_H 1
| #define HAVE_UNISTD_H 1
| /* end confdefs.h.  */
| #include <stdio.h>
| #ifdef HAVE_SYS_TYPES_H
| # include <sys/types.h>
| #endif
| #ifdef HAVE_SYS_STAT_H
| # include <sys/stat.h>
| #endif
| #ifdef STDC_HEADERS
| # include <stdlib.h>
| # include <stddef.h>
| #else
| # ifdef HAVE_STDLIB_H
| #  include <stdlib.h>
| # endif
| #endif
| #ifdef HAVE_STRING_H
| # if !defined STDC_HEADERS && defined HAVE_MEMORY_H
| #  include <memory.h>
| # endif
| # include <string.h>
| #endif
| #ifdef HAVE_STRINGS_H
| # include <strings.h>
| #endif
| #ifdef HAVE_INTTYPES_H
| # include <inttypes.h>
| #endif
| #ifdef HAVE_STDINT_H
| # include <stdint.h>
| #endif
| #ifdef HAVE_UNISTD_H
| # include <unistd.h>
| #endif
| #include <minix/config.h>
configure:4463: result: no
configure:4463: checking minix/config.h presence
configure:4463: gcc -E  conftest.c
conftest.c:21:26: fatal error: minix/config.h: No such file or directory
compilation terminated.
configure:4463: $? = 1
configure: failed program was:
| /* confdefs.h */
| #define PACKAGE_NAME "httperf"
| #define PACKAGE_TARNAME "httperf"
| #define PACKAGE_VERSION "0.9.1"
| #define PACKAGE_STRING "httperf 0.9.1"
| #define PACKAGE_BUGREPORT "httperf@linux.hpl.hp.com"
| #define PACKAGE_URL ""
| #define PACKAGE "httperf"
| #define VERSION "0.9.1"
| #define STDC_HEADERS 1
| #define HAVE_SYS_TYPES_H 1
| #define HAVE_SYS_STAT_H 1
| #define HAVE_STDLIB_H 1
| #define HAVE_STRING_H 1
| #define HAVE_MEMORY_H 1
| #define HAVE_STRINGS_H 1
| #define HAVE_INTTYPES_H 1
| #define HAVE_STDINT_H 1
| #define HAVE_UNISTD_H 1
| /* end confdefs.h.  */
| #include <minix/config.h>
configure:4463: result: no
configure:4463: checking for minix/config.h
configure:4463: result: no
configure:4484: checking whether it is safe to define __EXTENSIONS__
configure:4502: gcc -c -g -O2  conftest.c >&5
configure:4502: $? = 0
configure:4509: result: yes
configure:4636: checking for C compiler version
configure:4645: gcc --version >&5
gcc (Ubuntu 5.4.0-6ubuntu1~16.04.5) 5.4.0 20160609
Copyright (C) 2015 Free Software Foundation, Inc.
This is free software; see the source for copying conditions.  There is NO
warranty; not even for MERCHANTABILITY or FITNESS FOR A PARTICULAR PURPOSE.

configure:4656: $? = 0
configure:4645: gcc -v >&5
Using built-in specs.
COLLECT_GCC=gcc
COLLECT_LTO_WRAPPER=/usr/lib/gcc/x86_64-linux-gnu/5/lto-wrapper
Target: x86_64-linux-gnu
Configured with: ../src/configure -v --with-pkgversion='Ubuntu 5.4.0-6ubuntu1~16.04.5' --with-bugurl=file:///usr/share/doc/gcc-5/README.Bugs --enable-languages=c,ada,c++,java,go,d,fortran,objc,obj-c++ --prefix=/usr --program-suffix=-5 --enable-shared --enable-linker-build-id --libexecdir=/usr/lib --without-included-gettext --enable-threads=posix --libdir=/usr/lib --enable-nls --with-sysroot=/ --enable-clocale=gnu --enable-libstdcxx-debug --enable-libstdcxx-time=yes --with-default-libstdcxx-abi=new --enable-gnu-unique-object --disable-vtable-verify --enable-libmpx --enable-plugin --with-system-zlib --disable-browser-plugin --enable-java-awt=gtk --enable-gtk-cairo --with-java-home=/usr/lib/jvm/java-1.5.0-gcj-5-amd64/jre --enable-java-home --with-jvm-root-dir=/usr/lib/jvm/java-1.5.0-gcj-5-amd64 --with-jvm-jar-dir=/usr/lib/jvm-exports/java-1.5.0-gcj-5-amd64 --with-arch-directory=amd64 --with-ecj-jar=/usr/share/java/eclipse-ecj.jar --enable-objc-gc --enable-multiarch --disable-werror --with-arch-32=i686 --with-abi=m64 --with-multilib-list=m32,m64,mx32 --enable-multilib --with-tune=generic --enable-checking=release --build=x86_64-linux-gnu --host=x86_64-linux-gnu --target=x86_64-linux-gnu
Thread model: posix
gcc version 5.4.0 20160609 (Ubuntu 5.4.0-6ubuntu1~16.04.5) 
configure:4656: $? = 0
configure:4645: gcc -V >&5
gcc: error: unrecognized command line option '-V'
gcc: fatal error: no input files
compilation terminated.
configure:4656: $? = 1
configure:4645: gcc -qversion >&5
gcc: error: unrecognized command line option '-qversion'
gcc: fatal error: no input files
compilation terminated.
configure:4656: $? = 1
configure:4660: checking whether we are using the GNU C compiler
configure:4688: result: yes
configure:4697: checking whether gcc accepts -g
configure:4758: result: yes
configure:4775: checking for gcc option to accept ISO C89
configure:4851: result: none needed
configure:4876: checking whether gcc understands -c and -o together
configure:4913: result: yes
configure:4932: checking dependency style of gcc
configure:5043: result: gcc3
configure:5058: checking for gcc option to accept ISO C99
configure:5207: gcc  -c -g -O2  conftest.c >&5
configure:5207: $? = 0
configure:5220: result: none needed
configure:5283: checking how to print strings
configure:5310: result: printf
configure:5331: checking for a sed that does not truncate output
configure:5395: result: /bin/sed
configure:5413: checking for fgrep
configure:5475: result: /bin/grep -F
configure:5510: checking for ld used by gcc
configure:5577: result: /usr/bin/ld
configure:5584: checking if the linker (/usr/bin/ld) is GNU ld
configure:5599: result: yes
configure:5611: checking for BSD- or MS-compatible name lister (nm)
configure:5665: result: /usr/bin/nm -B
configure:5795: checking the name lister (/usr/bin/nm -B) interface
configure:5802: gcc -c -g -O2  conftest.c >&5
configure:5805: /usr/bin/nm -B "conftest.o"
configure:5808: output
0000000000000000 B some_variable
configure:5815: result: BSD nm
configure:5818: checking whether ln -s works
configure:5822: result: yes
configure:5830: checking the maximum length of command line arguments
configure:5961: result: 1572864
configure:6009: checking how to convert x86_64-pc-linux-gnu file names to x86_64-pc-linux-gnu format
configure:6049: result: func_convert_file_noop
configure:6056: checking how to convert x86_64-pc-linux-gnu file names to toolchain format
configure:6076: result: func_convert_file_noop
configure:6083: checking for /usr/bin/ld option to reload object files
configure:6090: result: -r
configure:6164: checking for objdump
configure:6180: found /usr/bin/objdump
configure:6191: result: objdump
configure:6223: checking how to recognize dependent libraries
configure:6423: result: pass_all
configure:6508: checking for dlltool
configure:6538: result: no
configure:6568: checking how to associate runtime and link libraries
configure:6595: result: printf %s\n
configure:6655: checking for ar
configure:6671: found /usr/bin/ar
configure:6682: result: ar
configure:6719: checking for archiver @FILE support
configure:6736: gcc -c -g -O2  conftest.c >&5
configure:6736: $? = 0
configure:6739: ar cru libconftest.a @conftest.lst >&5
ar: `u' modifier ignored since `D' is the default (see `U')
configure:6742: $? = 0
configure:6747: ar cru libconftest.a @conftest.lst >&5
ar: `u' modifier ignored since `D' is the default (see `U')
ar: conftest.o: No such file or directory
configure:6750: $? = 1
configure:6762: result: @
configure:6820: checking for strip
configure:6836: found /usr/bin/strip
configure:6847: result: strip
configure:6919: checking for ranlib
configure:6935: found /usr/bin/ranlib
configure:6946: result: ranlib
configure:7048: checking command to parse /usr/bin/nm -B output from gcc object
configure:7201: gcc -c -g -O2  conftest.c >&5
configure:7204: $? = 0
configure:7208: /usr/bin/nm -B conftest.o \| sed -n -e 's/^.*[ ]\([ABCDGIRSTW][ABCDGIRSTW]*\)[ ][ ]*\([_A-Za-z][_A-Za-z0-9]*\)$/\1 \2 \2/p' | sed '/ __gnu_lto/d' \> conftest.nm
configure:7211: $? = 0
configure:7277: gcc -o conftest -g -O2   conftest.c conftstm.o >&5
configure:7280: $? = 0
configure:7318: result: ok
configure:7365: checking for sysroot
configure:7395: result: no
configure:7402: checking for a working dd
configure:7440: result: /bin/dd
configure:7444: checking how to truncate binary pipes
configure:7459: result: /bin/dd bs=4096 count=1
configure:7595: gcc -c -g -O2  conftest.c >&5
configure:7598: $? = 0
configure:7788: checking for mt
configure:7804: found /bin/mt
configure:7815: result: mt
configure:7838: checking if mt is a manifest tool
configure:7844: mt '-?'
configure:7852: result: no
configure:8526: checking for dlfcn.h
configure:8526: gcc -c -g -O2  conftest.c >&5
configure:8526: $? = 0
configure:8526: result: yes
configure:8782: checking for objdir
configure:8797: result: .libs
configure:9061: checking if gcc supports -fno-rtti -fno-exceptions
configure:9079: gcc -c -g -O2  -fno-rtti -fno-exceptions conftest.c >&5
cc1: warning: command line option '-fno-rtti' is valid for C++/ObjC++ but not for C
configure:9083: $? = 0
configure:9096: result: no
configure:9454: checking for gcc option to produce PIC
configure:9461: result: -fPIC -DPIC
configure:9469: checking if gcc PIC flag -fPIC -DPIC works
configure:9487: gcc -c -g -O2  -fPIC -DPIC -DPIC conftest.c >&5
configure:9491: $? = 0
configure:9504: result: yes
configure:9533: checking if gcc static flag -static works
configure:9561: result: yes
configure:9576: checking if gcc supports -c -o file.o
configure:9597: gcc -c -g -O2  -o out/conftest2.o conftest.c >&5
configure:9601: $? = 0
configure:9623: result: yes
configure:9631: checking if gcc supports -c -o file.o
configure:9678: result: yes
configure:9711: checking whether the gcc linker (/usr/bin/ld -m elf_x86_64) supports shared libraries
configure:10974: result: yes
configure:11011: checking whether -lc should be explicitly linked in
configure:11019: gcc -c -g -O2  conftest.c >&5
configure:11022: $? = 0
configure:11037: gcc -shared  -fPIC -DPIC conftest.o  -v -Wl,-soname -Wl,conftest -o conftest 2\>\&1 \| /bin/grep  -lc  \>/dev/null 2\>\&1
configure:11040: $? = 0
configure:11054: result: no
configure:11214: checking dynamic linker characteristics
configure:11795: gcc -o conftest -g -O2   -Wl,-rpath -Wl,/foo conftest.c  >&5
configure:11795: $? = 0
configure:12044: result: GNU/Linux ld.so
configure:12166: checking how to hardcode library paths into programs
configure:12191: result: immediate
configure:12739: checking whether stripping libraries is possible
configure:12744: result: yes
configure:12779: checking if libtool supports shared libraries
configure:12781: result: yes
configure:12784: checking whether to build shared libraries
configure:12809: result: yes
configure:12812: checking whether to build static libraries
configure:12816: result: yes
configure:12924: checking for sqrt in -lm
configure:12949: gcc -o conftest -g -O2   conftest.c -lm   >&5
conftest.c:35:6: warning: conflicting types for built-in function 'sqrt'
 char sqrt ();
      ^
configure:12949: $? = 0
configure:12958: result: yes
configure:12969: checking for main in -lcrypto
configure:12988: gcc -o conftest -g -O2   conftest.c -lcrypto  -lm  >&5
configure:12988: $? = 0
configure:12997: result: yes
configure:13008: checking for SSL_version in -lssl
configure:13033: gcc -o conftest -g -O2   conftest.c -lssl  -lcrypto -lm  >&5
configure:13033: $? = 0
configure:13042: result: yes
configure:13057: checking for library containing getsockopt
configure:13088: gcc -o conftest -g -O2   conftest.c -lssl -lcrypto -lm  >&5
configure:13088: $? = 0
configure:13105: result: none required
configure:13113: checking for library containing socket
configure:13144: gcc -o conftest -g -O2   conftest.c -lssl -lcrypto -lm  >&5
configure:13144: $? = 0
configure:13161: result: none required
configure:13169: checking for library containing gethostbyname
configure:13200: gcc -o conftest -g -O2   conftest.c -lssl -lcrypto -lm  >&5
configure:13200: $? = 0
configure:13217: result: none required
configure:13225: checking for library containing inet_aton
configure:13256: gcc -o conftest -g -O2   conftest.c -lssl -lcrypto -lm  >&5
configure:13256: $? = 0
configure:13273: result: none required
configure:13283: checking for size_t
configure:13283: gcc -c -g -O2  conftest.c >&5
configure:13283: $? = 0
configure:13283: gcc -c -g -O2  conftest.c >&5
conftest.c: In function 'main':
conftest.c:67:21: error: expected expression before ')' token
 if (sizeof ((size_t)))
                     ^
configure:13283: $? = 1
configure: failed program was:
| /* confdefs.h */
| #define PACKAGE_NAME "httperf"
| #define PACKAGE_TARNAME "httperf"
| #define PACKAGE_VERSION "0.9.1"
| #define PACKAGE_STRING "httperf 0.9.1"
| #define PACKAGE_BUGREPORT "httperf@linux.hpl.hp.com"
| #define PACKAGE_URL ""
| #define PACKAGE "httperf"
| #define VERSION "0.9.1"
| #define STDC_HEADERS 1
| #define HAVE_SYS_TYPES_H 1
| #define HAVE_SYS_STAT_H 1
| #define HAVE_STDLIB_H 1
| #define HAVE_STRING_H 1
| #define HAVE_MEMORY_H 1
| #define HAVE_STRINGS_H 1
| #define HAVE_INTTYPES_H 1
| #define HAVE_STDINT_H 1
| #define HAVE_UNISTD_H 1
| #define __EXTENSIONS__ 1
| #define _ALL_SOURCE 1
| #define _GNU_SOURCE 1
| #define _POSIX_PTHREAD_SEMANTICS 1
| #define _TANDEM_SOURCE 1
| #define HAVE_DLFCN_H 1
| #define LT_OBJDIR ".libs/"
| #define HAVE_LIBM 1
| #define HAVE_LIBCRYPTO 1
| #define HAVE_LIBSSL 1
| /* end confdefs.h.  */
| #include <stdio.h>
| #ifdef HAVE_SYS_TYPES_H
| # include <sys/types.h>
| #endif
| #ifdef HAVE_SYS_STAT_H
| # include <sys/stat.h>
| #endif
| #ifdef STDC_HEADERS
| # include <stdlib.h>
| # include <stddef.h>
| #else
| # ifdef HAVE_STDLIB_H
| #  include <stdlib.h>
| # endif
| #endif
| #ifdef HAVE_STRING_H
| # if !defined STDC_HEADERS && defined HAVE_MEMORY_H
| #  include <memory.h>
| # endif
| # include <string.h>
| #endif
| #ifdef HAVE_STRINGS_H
| # include <strings.h>
| #endif
| #ifdef HAVE_INTTYPES_H
| # include <inttypes.h>
| #endif
| #ifdef HAVE_STDINT_H
| # include <stdint.h>
| #endif
| #ifdef HAVE_UNISTD_H
| # include <unistd.h>
| #endif
| int
| main ()
| {
| if (sizeof ((size_t)))
| 	    return 0;
|   ;
|   return 0;
| }
configure:13283: result: yes
configure:13296: checking for working alloca.h
configure:13313: gcc -o conftest -g -O2   conftest.c -lssl -lcrypto -lm  >&5
configure:13313: $? = 0
configure:13321: result: yes
configure:13329: checking for alloca
configure:13366: gcc -o conftest -g -O2   conftest.c -lssl -lcrypto -lm  >&5
configure:13366: $? = 0
configure:13374: result: yes
configure:13480: checking whether time.h and sys/time.h may both be included
configure:13500: gcc -c -g -O2  conftest.c >&5
configure:13500: $? = 0
configure:13507: result: yes
configure:13518: checking openssl/ssl.h usability
configure:13518: gcc -c -g -O2  conftest.c >&5
configure:13518: $? = 0
configure:13518: result: yes
configure:13518: checking openssl/ssl.h presence
configure:13518: gcc -E  conftest.c
configure:13518: $? = 0
configure:13518: result: yes
configure:13518: checking for openssl/ssl.h
configure:13518: result: yes
configure:13518: checking getopt.h usability
configure:13518: gcc -c -g -O2  conftest.c >&5
configure:13518: $? = 0
configure:13518: result: yes
configure:13518: checking getopt.h presence
configure:13518: gcc -E  conftest.c
configure:13518: $? = 0
configure:13518: result: yes
configure:13518: checking for getopt.h
configure:13518: result: yes
configure:13537: checking for an ANSI C-conforming const
configure:13603: gcc -c -g -O2 -DHAVE_SSL  conftest.c >&5
configure:13603: $? = 0
configure:13610: result: yes
configure:13618: checking for size_t
configure:13618: result: yes
configure:13629: checking for ssize_t
configure:13629: gcc -c -g -O2 -DHAVE_SSL  conftest.c >&5
configure:13629: $? = 0
configure:13629: gcc -c -g -O2 -DHAVE_SSL  conftest.c >&5
conftest.c: In function 'main':
conftest.c:72:22: error: expected expression before ')' token
 if (sizeof ((ssize_t)))
                      ^
configure:13629: $? = 1
configure: failed program was:
| /* confdefs.h */
| #define PACKAGE_NAME "httperf"
| #define PACKAGE_TARNAME "httperf"
| #define PACKAGE_VERSION "0.9.1"
| #define PACKAGE_STRING "httperf 0.9.1"
| #define PACKAGE_BUGREPORT "httperf@linux.hpl.hp.com"
| #define PACKAGE_URL ""
| #define PACKAGE "httperf"
| #define VERSION "0.9.1"
| #define STDC_HEADERS 1
| #define HAVE_SYS_TYPES_H 1
| #define HAVE_SYS_STAT_H 1
| #define HAVE_STDLIB_H 1
| #define HAVE_STRING_H 1
| #define HAVE_MEMORY_H 1
| #define HAVE_STRINGS_H 1
| #define HAVE_INTTYPES_H 1
| #define HAVE_STDINT_H 1
| #define HAVE_UNISTD_H 1
| #define __EXTENSIONS__ 1
| #define _ALL_SOURCE 1
| #define _GNU_SOURCE 1
| #define _POSIX_PTHREAD_SEMANTICS 1
| #define _TANDEM_SOURCE 1
| #define HAVE_DLFCN_H 1
| #define LT_OBJDIR ".libs/"
| #define HAVE_LIBM 1
| #define HAVE_LIBCRYPTO 1
| #define HAVE_LIBSSL 1
| #define HAVE_ALLOCA_H 1
| #define HAVE_ALLOCA 1
| #define TIME_WITH_SYS_TIME 1
| #define HAVE_OPENSSL_SSL_H 1
| #define HAVE_GETOPT_H 1
| /* end confdefs.h.  */
| #include <stdio.h>
| #ifdef HAVE_SYS_TYPES_H
| # include <sys/types.h>
| #endif
| #ifdef HAVE_SYS_STAT_H
| # include <sys/stat.h>
| #endif
| #ifdef STDC_HEADERS
| # include <stdlib.h>
| # include <stddef.h>
| #else
| # ifdef HAVE_STDLIB_H
| #  include <stdlib.h>
| # endif
| #endif
| #ifdef HAVE_STRING_H
| # if !defined STDC_HEADERS && defined HAVE_MEMORY_H
| #  include <memory.h>
| # endif
| # include <string.h>
| #endif
| #ifdef HAVE_STRINGS_H
| # include <strings.h>
| #endif
| #ifdef HAVE_INTTYPES_H
| # include <inttypes.h>
| #endif
| #ifdef HAVE_STDINT_H
| # include <stdint.h>
| #endif
| #ifdef HAVE_UNISTD_H
| # include <unistd.h>
| #endif
| int
| main ()
| {
| if (sizeof ((ssize_t)))
| 	    return 0;
|   ;
|   return 0;
| }
configure:13629: result: yes
configure:13640: checking for u_char
configure:13640: gcc -c -g -O2 -DHAVE_SSL  conftest.c >&5
configure:13640: $? = 0
configure:13640: gcc -c -g -O2 -DHAVE_SSL  conftest.c >&5
conftest.c: In function 'main':
conftest.c:72:21: error: expected expression before ')' token
 if (sizeof ((u_char)))
                     ^
configure:13640: $? = 1
configure: failed program was:
| /* confdefs.h */
| #define PACKAGE_NAME "httperf"
| #define PACKAGE_TARNAME "httperf"
| #define PACKAGE_VERSION "0.9.1"
| #define PACKAGE_STRING "httperf 0.9.1"
| #define PACKAGE_BUGREPORT "httperf@linux.hpl.hp.com"
| #define PACKAGE_URL ""
| #define PACKAGE "httperf"
| #define VERSION "0.9.1"
| #define STDC_HEADERS 1
| #define HAVE_SYS_TYPES_H 1
| #define HAVE_SYS_STAT_H 1
| #define HAVE_STDLIB_H 1
| #define HAVE_STRING_H 1
| #define HAVE_MEMORY_H 1
| #define HAVE_STRINGS_H 1
| #define HAVE_INTTYPES_H 1
| #define HAVE_STDINT_H 1
| #define HAVE_UNISTD_H 1
| #define __EXTENSIONS__ 1
| #define _ALL_SOURCE 1
| #define _GNU_SOURCE 1
| #define _POSIX_PTHREAD_SEMANTICS 1
| #define _TANDEM_SOURCE 1
| #define HAVE_DLFCN_H 1
| #define LT_OBJDIR ".libs/"
| #define HAVE_LIBM 1
| #define HAVE_LIBCRYPTO 1
| #define HAVE_LIBSSL 1
| #define HAVE_ALLOCA_H 1
| #define HAVE_ALLOCA 1
| #define TIME_WITH_SYS_TIME 1
| #define HAVE_OPENSSL_SSL_H 1
| #define HAVE_GETOPT_H 1
| /* end confdefs.h.  */
| #include <stdio.h>
| #ifdef HAVE_SYS_TYPES_H
| # include <sys/types.h>
| #endif
| #ifdef HAVE_SYS_STAT_H
| # include <sys/stat.h>
| #endif
| #ifdef STDC_HEADERS
| # include <stdlib.h>
| # include <stddef.h>
| #else
| # ifdef HAVE_STDLIB_H
| #  include <stdlib.h>
| # endif
| #endif
| #ifdef HAVE_STRING_H
| # if !defined STDC_HEADERS && defined HAVE_MEMORY_H
| #  include <memory.h>
| # endif
| # include <string.h>
| #endif
| #ifdef HAVE_STRINGS_H
| # include <strings.h>
| #endif
| #ifdef HAVE_INTTYPES_H
| # include <inttypes.h>
| #endif
| #ifdef HAVE_STDINT_H
| # include <stdint.h>
| #endif
| #ifdef HAVE_UNISTD_H
| # include <unistd.h>
| #endif
| int
| main ()
| {
| if (sizeof ((u_char)))
| 	    return 0;
|   ;
|   return 0;
| }
configure:13640: result: yes
configure:13651: checking for u_short
configure:13651: gcc -c -g -O2 -DHAVE_SSL  conftest.c >&5
configure:13651: $? = 0
configure:13651: gcc -c -g -O2 -DHAVE_SSL  conftest.c >&5
conftest.c: In function 'main':
conftest.c:72:22: error: expected expression before ')' token
 if (sizeof ((u_short)))
                      ^
configure:13651: $? = 1
configure: failed program was:
| /* confdefs.h */
| #define PACKAGE_NAME "httperf"
| #define PACKAGE_TARNAME "httperf"
| #define PACKAGE_VERSION "0.9.1"
| #define PACKAGE_STRING "httperf 0.9.1"
| #define PACKAGE_BUGREPORT "httperf@linux.hpl.hp.com"
| #define PACKAGE_URL ""
| #define PACKAGE "httperf"
| #define VERSION "0.9.1"
| #define STDC_HEADERS 1
| #define HAVE_SYS_TYPES_H 1
| #define HAVE_SYS_STAT_H 1
| #define HAVE_STDLIB_H 1
| #define HAVE_STRING_H 1
| #define HAVE_MEMORY_H 1
| #define HAVE_STRINGS_H 1
| #define HAVE_INTTYPES_H 1
| #define HAVE_STDINT_H 1
| #define HAVE_UNISTD_H 1
| #define __EXTENSIONS__ 1
| #define _ALL_SOURCE 1
| #define _GNU_SOURCE 1
| #define _POSIX_PTHREAD_SEMANTICS 1
| #define _TANDEM_SOURCE 1
| #define HAVE_DLFCN_H 1
| #define LT_OBJDIR ".libs/"
| #define HAVE_LIBM 1
| #define HAVE_LIBCRYPTO 1
| #define HAVE_LIBSSL 1
| #define HAVE_ALLOCA_H 1
| #define HAVE_ALLOCA 1
| #define TIME_WITH_SYS_TIME 1
| #define HAVE_OPENSSL_SSL_H 1
| #define HAVE_GETOPT_H 1
| /* end confdefs.h.  */
| #include <stdio.h>
| #ifdef HAVE_SYS_TYPES_H
| # include <sys/types.h>
| #endif
| #ifdef HAVE_SYS_STAT_H
| # include <sys/stat.h>
| #endif
| #ifdef STDC_HEADERS
| # include <stdlib.h>
| # include <stddef.h>
| #else
| # ifdef HAVE_STDLIB_H
| #  include <stdlib.h>
| # endif
| #endif
| #ifdef HAVE_STRING_H
| # if !defined STDC_HEADERS && defined HAVE_MEMORY_H
| #  include <memory.h>
| # endif
| # include <string.h>
| #endif
| #ifdef HAVE_STRINGS_H
| # include <strings.h>
| #endif
| #ifdef HAVE_INTTYPES_H
| # include <inttypes.h>
| #endif
| #ifdef HAVE_STDINT_H
| # include <stdint.h>
| #endif
| #ifdef HAVE_UNISTD_H
| # include <unistd.h>
| #endif
| int
| main ()
| {
| if (sizeof ((u_short)))
| 	    return 0;
|   ;
|   return 0;
| }
configure:13651: result: yes
configure:13662: checking for u_int
configure:13662: gcc -c -g -O2 -DHAVE_SSL  conftest.c >&5
configure:13662: $? = 0
configure:13662: gcc -c -g -O2 -DHAVE_SSL  conftest.c >&5
conftest.c: In function 'main':
conftest.c:72:20: error: expected expression before ')' token
 if (sizeof ((u_int)))
                    ^
configure:13662: $? = 1
configure: failed program was:
| /* confdefs.h */
| #define PACKAGE_NAME "httperf"
| #define PACKAGE_TARNAME "httperf"
| #define PACKAGE_VERSION "0.9.1"
| #define PACKAGE_STRING "httperf 0.9.1"
| #define PACKAGE_BUGREPORT "httperf@linux.hpl.hp.com"
| #define PACKAGE_URL ""
| #define PACKAGE "httperf"
| #define VERSION "0.9.1"
| #define STDC_HEADERS 1
| #define HAVE_SYS_TYPES_H 1
| #define HAVE_SYS_STAT_H 1
| #define HAVE_STDLIB_H 1
| #define HAVE_STRING_H 1
| #define HAVE_MEMORY_H 1
| #define HAVE_STRINGS_H 1
| #define HAVE_INTTYPES_H 1
| #define HAVE_STDINT_H 1
| #define HAVE_UNISTD_H 1
| #define __EXTENSIONS__ 1
| #define _ALL_SOURCE 1
| #define _GNU_SOURCE 1
| #define _POSIX_PTHREAD_SEMANTICS 1
| #define _TANDEM_SOURCE 1
| #define HAVE_DLFCN_H 1
| #define LT_OBJDIR ".libs/"
| #define HAVE_LIBM 1
| #define HAVE_LIBCRYPTO 1
| #define HAVE_LIBSSL 1
| #define HAVE_ALLOCA_H 1
| #define HAVE_ALLOCA 1
| #define TIME_WITH_SYS_TIME 1
| #define HAVE_OPENSSL_SSL_H 1
| #define HAVE_GETOPT_H 1
| /* end confdefs.h.  */
| #include <stdio.h>
| #ifdef HAVE_SYS_TYPES_H
| # include <sys/types.h>
| #endif
| #ifdef HAVE_SYS_STAT_H
| # include <sys/stat.h>
| #endif
| #ifdef STDC_HEADERS
| # include <stdlib.h>
| # include <stddef.h>
| #else
| # ifdef HAVE_STDLIB_H
| #  include <stdlib.h>
| # endif
| #endif
| #ifdef HAVE_STRING_H
| # if !defined STDC_HEADERS && defined HAVE_MEMORY_H
| #  include <memory.h>
| # endif
| # include <string.h>
| #endif
| #ifdef HAVE_STRINGS_H
| # include <strings.h>
| #endif
| #ifdef HAVE_INTTYPES_H
| # include <inttypes.h>
| #endif
| #ifdef HAVE_STDINT_H
| # include <stdint.h>
| #endif
| #ifdef HAVE_UNISTD_H
| # include <unistd.h>
| #endif
| int
| main ()
| {
| if (sizeof ((u_int)))
| 	    return 0;
|   ;
|   return 0;
| }
configure:13662: result: yes
configure:13673: checking for u_long
configure:13673: gcc -c -g -O2 -DHAVE_SSL  conftest.c >&5
configure:13673: $? = 0
configure:13673: gcc -c -g -O2 -DHAVE_SSL  conftest.c >&5
conftest.c: In function 'main':
conftest.c:72:21: error: expected expression before ')' token
 if (sizeof ((u_long)))
                     ^
configure:13673: $? = 1
configure: failed program was:
| /* confdefs.h */
| #define PACKAGE_NAME "httperf"
| #define PACKAGE_TARNAME "httperf"
| #define PACKAGE_VERSION "0.9.1"
| #define PACKAGE_STRING "httperf 0.9.1"
| #define PACKAGE_BUGREPORT "httperf@linux.hpl.hp.com"
| #define PACKAGE_URL ""
| #define PACKAGE "httperf"
| #define VERSION "0.9.1"
| #define STDC_HEADERS 1
| #define HAVE_SYS_TYPES_H 1
| #define HAVE_SYS_STAT_H 1
| #define HAVE_STDLIB_H 1
| #define HAVE_STRING_H 1
| #define HAVE_MEMORY_H 1
| #define HAVE_STRINGS_H 1
| #define HAVE_INTTYPES_H 1
| #define HAVE_STDINT_H 1
| #define HAVE_UNISTD_H 1
| #define __EXTENSIONS__ 1
| #define _ALL_SOURCE 1
| #define _GNU_SOURCE 1
| #define _POSIX_PTHREAD_SEMANTICS 1
| #define _TANDEM_SOURCE 1
| #define HAVE_DLFCN_H 1
| #define LT_OBJDIR ".libs/"
| #define HAVE_LIBM 1
| #define HAVE_LIBCRYPTO 1
| #define HAVE_LIBSSL 1
| #define HAVE_ALLOCA_H 1
| #define HAVE_ALLOCA 1
| #define TIME_WITH_SYS_TIME 1
| #define HAVE_OPENSSL_SSL_H 1
| #define HAVE_GETOPT_H 1
| /* end confdefs.h.  */
| #include <stdio.h>
| #ifdef HAVE_SYS_TYPES_H
| # include <sys/types.h>
| #endif
| #ifdef HAVE_SYS_STAT_H
| # include <sys/stat.h>
| #endif
| #ifdef STDC_HEADERS
| # include <stdlib.h>
| # include <stddef.h>
| #else
| # ifdef HAVE_STDLIB_H
| #  include <stdlib.h>
| # endif
| #endif
| #ifdef HAVE_STRING_H
| # if !defined STDC_HEADERS && defined HAVE_MEMORY_H
| #  include <memory.h>
| # endif
| # include <string.h>
| #endif
| #ifdef HAVE_STRINGS_H
| # include <strings.h>
| #endif
| #ifdef HAVE_INTTYPES_H
| # include <inttypes.h>
| #endif
| #ifdef HAVE_STDINT_H
| # include <stdint.h>
| #endif
| #ifdef HAVE_UNISTD_H
| # include <unistd.h>
| #endif
| int
| main ()
| {
| if (sizeof ((u_long)))
| 	    return 0;
|   ;
|   return 0;
| }
configure:13673: result: yes
configure:13687: checking for unsigned long long int
configure:13735: result: yes
configure:13756: checking for u_wide
configure:13756: gcc -c -g -O2 -DHAVE_SSL  conftest.c >&5
conftest.c: In function 'main':
conftest.c:73:13: error: 'u_wide' undeclared (first use in this function)
 if (sizeof (u_wide))
             ^
conftest.c:73:13: note: each undeclared identifier is reported only once for each function it appears in
configure:13756: $? = 1
configure: failed program was:
| /* confdefs.h */
| #define PACKAGE_NAME "httperf"
| #define PACKAGE_TARNAME "httperf"
| #define PACKAGE_VERSION "0.9.1"
| #define PACKAGE_STRING "httperf 0.9.1"
| #define PACKAGE_BUGREPORT "httperf@linux.hpl.hp.com"
| #define PACKAGE_URL ""
| #define PACKAGE "httperf"
| #define VERSION "0.9.1"
| #define STDC_HEADERS 1
| #define HAVE_SYS_TYPES_H 1
| #define HAVE_SYS_STAT_H 1
| #define HAVE_STDLIB_H 1
| #define HAVE_STRING_H 1
| #define HAVE_MEMORY_H 1
| #define HAVE_STRINGS_H 1
| #define HAVE_INTTYPES_H 1
| #define HAVE_STDINT_H 1
| #define HAVE_UNISTD_H 1
| #define __EXTENSIONS__ 1
| #define _ALL_SOURCE 1
| #define _GNU_SOURCE 1
| #define _POSIX_PTHREAD_SEMANTICS 1
| #define _TANDEM_SOURCE 1
| #define HAVE_DLFCN_H 1
| #define LT_OBJDIR ".libs/"
| #define HAVE_LIBM 1
| #define HAVE_LIBCRYPTO 1
| #define HAVE_LIBSSL 1
| #define HAVE_ALLOCA_H 1
| #define HAVE_ALLOCA 1
| #define TIME_WITH_SYS_TIME 1
| #define HAVE_OPENSSL_SSL_H 1
| #define HAVE_GETOPT_H 1
| #define HAVE_UNSIGNED_LONG_LONG_INT 1
| /* end confdefs.h.  */
| #include <stdio.h>
| #ifdef HAVE_SYS_TYPES_H
| # include <sys/types.h>
| #endif
| #ifdef HAVE_SYS_STAT_H
| # include <sys/stat.h>
| #endif
| #ifdef STDC_HEADERS
| # include <stdlib.h>
| # include <stddef.h>
| #else
| # ifdef HAVE_STDLIB_H
| #  include <stdlib.h>
| # endif
| #endif
| #ifdef HAVE_STRING_H
| # if !defined STDC_HEADERS && defined HAVE_MEMORY_H
| #  include <memory.h>
| # endif
| # include <string.h>
| #endif
| #ifdef HAVE_STRINGS_H
| # include <strings.h>
| #endif
| #ifdef HAVE_INTTYPES_H
| # include <inttypes.h>
| #endif
| #ifdef HAVE_STDINT_H
| # include <stdint.h>
| #endif
| #ifdef HAVE_UNISTD_H
| # include <unistd.h>
| #endif
| int
| main ()
| {
| if (sizeof (u_wide))
| 	 return 0;
|   ;
|   return 0;
| }
configure:13756: result: no
configure:13776: checking for stdlib.h
configure:13776: result: yes
configure:13776: checking for unistd.h
configure:13776: result: yes
configure:13776: checking for sys/param.h
configure:13776: gcc -c -g -O2 -DHAVE_SSL  conftest.c >&5
configure:13776: $? = 0
configure:13776: result: yes
configure:13796: checking for getpagesize
configure:13796: gcc -o conftest -g -O2 -DHAVE_SSL   conftest.c -lssl -lcrypto -lm  >&5
configure:13796: $? = 0
configure:13796: result: yes
configure:13805: checking for working mmap
configure:13952: gcc -o conftest -g -O2 -DHAVE_SSL   conftest.c -lssl -lcrypto -lm  >&5
configure:13952: $? = 0
configure:13952: ./conftest
configure:13952: $? = 0
configure:13962: result: yes
configure:13974: checking sys/select.h usability
configure:13974: gcc -c -g -O2 -DHAVE_SSL  conftest.c >&5
configure:13974: $? = 0
configure:13974: result: yes
configure:13974: checking sys/select.h presence
configure:13974: gcc -E  conftest.c
configure:13974: $? = 0
configure:13974: result: yes
configure:13974: checking for sys/select.h
configure:13974: result: yes
configure:13974: checking sys/socket.h usability
configure:13974: gcc -c -g -O2 -DHAVE_SSL  conftest.c >&5
configure:13974: $? = 0
configure:13974: result: yes
configure:13974: checking sys/socket.h presence
configure:13974: gcc -E  conftest.c
configure:13974: $? = 0
configure:13974: result: yes
configure:13974: checking for sys/socket.h
configure:13974: result: yes
configure:13984: checking types of arguments for select
configure:14012: gcc -c -g -O2 -DHAVE_SSL  conftest.c >&5
configure:14012: $? = 0
configure:14023: result: int,fd_set *,struct timeval *
configure:14046: checking return type of signal handlers
configure:14064: gcc -c -g -O2 -DHAVE_SSL  conftest.c >&5
conftest.c: In function 'main':
conftest.c:54:9: error: void value not ignored as it ought to be
 return *(signal (0, 0)) (0) == 1;
         ^
configure:14064: $? = 1
configure: failed program was:
| /* confdefs.h */
| #define PACKAGE_NAME "httperf"
| #define PACKAGE_TARNAME "httperf"
| #define PACKAGE_VERSION "0.9.1"
| #define PACKAGE_STRING "httperf 0.9.1"
| #define PACKAGE_BUGREPORT "httperf@linux.hpl.hp.com"
| #define PACKAGE_URL ""
| #define PACKAGE "httperf"
| #define VERSION "0.9.1"
| #define STDC_HEADERS 1
| #define HAVE_SYS_TYPES_H 1
| #define HAVE_SYS_STAT_H 1
| #define HAVE_STDLIB_H 1
| #define HAVE_STRING_H 1
| #define HAVE_MEMORY_H 1
| #define HAVE_STRINGS_H 1
| #define HAVE_INTTYPES_H 1
| #define HAVE_STDINT_H 1
| #define HAVE_UNISTD_H 1
| #define __EXTENSIONS__ 1
| #define _ALL_SOURCE 1
| #define _GNU_SOURCE 1
| #define _POSIX_PTHREAD_SEMANTICS 1
| #define _TANDEM_SOURCE 1
| #define HAVE_DLFCN_H 1
| #define LT_OBJDIR ".libs/"
| #define HAVE_LIBM 1
| #define HAVE_LIBCRYPTO 1
| #define HAVE_LIBSSL 1
| #define HAVE_ALLOCA_H 1
| #define HAVE_ALLOCA 1
| #define TIME_WITH_SYS_TIME 1
| #define HAVE_OPENSSL_SSL_H 1
| #define HAVE_GETOPT_H 1
| #define HAVE_UNSIGNED_LONG_LONG_INT 1
| #define u_wide unsigned long long
| #define HAVE_STDLIB_H 1
| #define HAVE_UNISTD_H 1
| #define HAVE_SYS_PARAM_H 1
| #define HAVE_GETPAGESIZE 1
| #define HAVE_MMAP 1
| #define HAVE_SYS_SELECT_H 1
| #define HAVE_SYS_SOCKET_H 1
| #define SELECT_TYPE_ARG1 int
| #define SELECT_TYPE_ARG234 (fd_set *)
| #define SELECT_TYPE_ARG5 (struct timeval *)
| /* end confdefs.h.  */
| #include <sys/types.h>
| #include <signal.h>
| 
| int
| main ()
| {
| return *(signal (0, 0)) (0) == 1;
|   ;
|   return 0;
| }
configure:14071: result: void
configure:14079: checking for working strtod
configure:14120: gcc -o conftest -g -O2 -DHAVE_SSL   conftest.c -lssl -lcrypto -lm  >&5
configure:14120: $? = 0
configure:14120: ./conftest
configure:14120: $? = 0
configure:14130: result: yes
configure:14194: checking for vprintf
configure:14194: gcc -o conftest -g -O2 -DHAVE_SSL   conftest.c -lssl -lcrypto -lm  >&5
conftest.c:72:6: warning: conflicting types for built-in function 'vprintf'
 char vprintf ();
      ^
configure:14194: $? = 0
configure:14194: result: yes
configure:14200: checking for _doprnt
configure:14200: gcc -o conftest -g -O2 -DHAVE_SSL   conftest.c -lssl -lcrypto -lm  >&5
/tmp/ccjhchWW.o: In function `main':
/home/FDUSER/CloudHaoma/httperf/build/conftest.c:84: undefined reference to `_doprnt'
collect2: error: ld returned 1 exit status
configure:14200: $? = 1
configure: failed program was:
| /* confdefs.h */
| #define PACKAGE_NAME "httperf"
| #define PACKAGE_TARNAME "httperf"
| #define PACKAGE_VERSION "0.9.1"
| #define PACKAGE_STRING "httperf 0.9.1"
| #define PACKAGE_BUGREPORT "httperf@linux.hpl.hp.com"
| #define PACKAGE_URL ""
| #define PACKAGE "httperf"
| #define VERSION "0.9.1"
| #define STDC_HEADERS 1
| #define HAVE_SYS_TYPES_H 1
| #define HAVE_SYS_STAT_H 1
| #define HAVE_STDLIB_H 1
| #define HAVE_STRING_H 1
| #define HAVE_MEMORY_H 1
| #define HAVE_STRINGS_H 1
| #define HAVE_INTTYPES_H 1
| #define HAVE_STDINT_H 1
| #define HAVE_UNISTD_H 1
| #define __EXTENSIONS__ 1
| #define _ALL_SOURCE 1
| #define _GNU_SOURCE 1
| #define _POSIX_PTHREAD_SEMANTICS 1
| #define _TANDEM_SOURCE 1
| #define HAVE_DLFCN_H 1
| #define LT_OBJDIR ".libs/"
| #define HAVE_LIBM 1
| #define HAVE_LIBCRYPTO 1
| #define HAVE_LIBSSL 1
| #define HAVE_ALLOCA_H 1
| #define HAVE_ALLOCA 1
| #define TIME_WITH_SYS_TIME 1
| #define HAVE_OPENSSL_SSL_H 1
| #define HAVE_GETOPT_H 1
| #define HAVE_UNSIGNED_LONG_LONG_INT 1
| #define u_wide unsigned long long
| #define HAVE_STDLIB_H 1
| #define HAVE_UNISTD_H 1
| #define HAVE_SYS_PARAM_H 1
| #define HAVE_GETPAGESIZE 1
| #define HAVE_MMAP 1
| #define HAVE_SYS_SELECT_H 1
| #define HAVE_SYS_SOCKET_H 1
| #define SELECT_TYPE_ARG1 int
| #define SELECT_TYPE_ARG234 (fd_set *)
| #define SELECT_TYPE_ARG5 (struct timeval *)
| #define RETSIGTYPE void
| #define HAVE_VPRINTF 1
| /* end confdefs.h.  */
| /* Define _doprnt to an innocuous variant, in case <limits.h> declares _doprnt.
|    For example, HP-UX 11i <limits.h> declares gettimeofday.  */
| #define _doprnt innocuous__doprnt
| 
| /* System header to define __stub macros and hopefully few prototypes,
|     which can conflict with char _doprnt (); below.
|     Prefer <limits.h> to <assert.h> if __STDC__ is defined, since
|     <limits.h> exists even on freestanding compilers.  */
| 
| #ifdef __STDC__
| # include <limits.h>
| #else
| # include <assert.h>
| #endif
| 
| #undef _doprnt
| 
| /* Override any GCC internal prototype to avoid an error.
|    Use char because int might match the return type of a GCC
|    builtin and then its argument prototype would still apply.  */
| #ifdef __cplusplus
| extern "C"
| #endif
| char _doprnt ();
| /* The GNU C library defines this for functions which it implements
|     to always fail with ENOSYS.  Some functions are actually named
|     something starting with __ and the normal name is an alias.  */
| #if defined __stub__doprnt || defined __stub____doprnt
| choke me
| #endif
| 
| int
| main ()
| {
| return _doprnt ();
|   ;
|   return 0;
| }
configure:14200: result: no
configure:14213: checking for getopt_long
configure:14213: gcc -o conftest -g -O2 -DHAVE_SSL   conftest.c -lssl -lcrypto -lm  >&5
configure:14213: $? = 0
configure:14213: result: yes
configure:14345: checking that generated files are newer than configure
configure:14351: result: done
configure:14382: creating ./config.status

## ---------------------- ##
## Running config.status. ##
## ---------------------- ##

This file was extended by httperf config.status 0.9.1, which was
generated by GNU Autoconf 2.69.  Invocation command line was

  CONFIG_FILES    = 
  CONFIG_HEADERS  = 
  CONFIG_LINKS    = 
  CONFIG_COMMANDS = 
  $ ./config.status 

on admin6017-35

config.status:1125: creating Makefile
config.status:1125: creating man/Makefile
config.status:1125: creating src/stat/Makefile
config.status:1125: creating src/lib/Makefile
config.status:1125: creating src/gen/Makefile
config.status:1125: creating src/Makefile
config.status:1125: creating config.h
config.status:1339: executing depfiles commands
config.status:1339: executing libtool commands

## ---------------- ##
## Cache variables. ##
## ---------------- ##

ac_cv_build=x86_64-pc-linux-gnu
ac_cv_c_compiler_gnu=yes
ac_cv_c_const=yes
ac_cv_env_CC_set=
ac_cv_env_CC_value=
ac_cv_env_CFLAGS_set=
ac_cv_env_CFLAGS_value=
ac_cv_env_CPPFLAGS_set=
ac_cv_env_CPPFLAGS_value=
ac_cv_env_CPP_set=
ac_cv_env_CPP_value=
ac_cv_env_LDFLAGS_set=
ac_cv_env_LDFLAGS_value=
ac_cv_env_LIBS_set=
ac_cv_env_LIBS_value=
ac_cv_env_LT_SYS_LIBRARY_PATH_set=
ac_cv_env_LT_SYS_LIBRARY_PATH_value=
ac_cv_env_build_alias_set=
ac_cv_env_build_alias_value=
ac_cv_env_host_alias_set=
ac_cv_env_host_alias_value=
ac_cv_env_target_alias_set=
ac_cv_env_target_alias_value=
ac_cv_func__doprnt=no
ac_cv_func_alloca_works=yes
ac_cv_func_getopt_long=yes
ac_cv_func_getpagesize=yes
ac_cv_func_mmap_fixed_mapped=yes
ac_cv_func_select_args='int,fd_set *,struct timeval *'
ac_cv_func_strtod=yes
ac_cv_func_vprintf=yes
ac_cv_header_dlfcn_h=yes
ac_cv_header_getopt_h=yes
ac_cv_header_inttypes_h=yes
ac_cv_header_memory_h=yes
ac_cv_header_minix_config_h=no
ac_cv_header_openssl_ssl_h=yes
ac_cv_header_stdc=yes
ac_cv_header_stdint_h=yes
ac_cv_header_stdlib_h=yes
ac_cv_header_string_h=yes
ac_cv_header_strings_h=yes
ac_cv_header_sys_param_h=yes
ac_cv_header_sys_select_h=yes
ac_cv_header_sys_socket_h=yes
ac_cv_header_sys_stat_h=yes
ac_cv_header_sys_types_h=yes
ac_cv_header_time=yes
ac_cv_header_unistd_h=yes
ac_cv_host=x86_64-pc-linux-gnu
ac_cv_lib_crypto_main=yes
ac_cv_lib_m_sqrt=yes
ac_cv_lib_ssl_SSL_version=yes
ac_cv_objext=o
ac_cv_path_EGREP='/bin/grep -E'
ac_cv_path_FGREP='/bin/grep -F'
ac_cv_path_GREP=/bin/grep
ac_cv_path_SED=/bin/sed
ac_cv_path_install='/usr/bin/install -c'
ac_cv_path_lt_DD=/bin/dd
ac_cv_path_mkdir=/bin/mkdir
ac_cv_prog_AWK=mawk
ac_cv_prog_CPP='gcc -E'
ac_cv_prog_ac_ct_AR=ar
ac_cv_prog_ac_ct_CC=gcc
ac_cv_prog_ac_ct_MANIFEST_TOOL=mt
ac_cv_prog_ac_ct_OBJDUMP=objdump
ac_cv_prog_ac_ct_RANLIB=ranlib
ac_cv_prog_ac_ct_STRIP=strip
ac_cv_prog_cc_c89=
ac_cv_prog_cc_c99=
ac_cv_prog_cc_g=yes
ac_cv_prog_make_make_set=yes
ac_cv_safe_to_define___extensions__=yes
ac_cv_search_gethostbyname='none required'
ac_cv_search_getsockopt='none required'
ac_cv_search_inet_aton='none required'
ac_cv_search_socket='none required'
ac_cv_target=x86_64-pc-linux-gnu
ac_cv_type_signal=void
ac_cv_type_size_t=yes
ac_cv_type_ssize_t=yes
ac_cv_type_u_char=yes
ac_cv_type_u_int=yes
ac_cv_type_u_long=yes
ac_cv_type_u_short=yes
ac_cv_type_u_wide=no
ac_cv_type_unsigned_long_long_int=yes
ac_cv_working_alloca_h=yes
am_cv_CC_dependencies_compiler_type=gcc3
am_cv_make_support_nested_variables=yes
am_cv_prog_cc_c_o=yes
lt_cv_ar_at_file=@
lt_cv_archive_cmds_need_lc=no
lt_cv_deplibs_check_method=pass_all
lt_cv_file_magic_cmd='$MAGIC_CMD'
lt_cv_file_magic_test_file=
lt_cv_ld_reload_flag=-r
lt_cv_nm_interface='BSD nm'
lt_cv_objdir=.libs
lt_cv_path_LD=/usr/bin/ld
lt_cv_path_NM='/usr/bin/nm -B'
lt_cv_path_mainfest_tool=no
lt_cv_prog_compiler_c_o=yes
lt_cv_prog_compiler_pic='-fPIC -DPIC'
lt_cv_prog_compiler_pic_works=yes
lt_cv_prog_compiler_rtti_exceptions=no
lt_cv_prog_compiler_static_works=yes
lt_cv_prog_gnu_ld=yes
lt_cv_sharedlib_from_linklib_cmd='printf %s\n'
lt_cv_shlibpath_overrides_runpath=no
lt_cv_sys_global_symbol_pipe='sed -n -e '\''s/^.*[	 ]\([ABCDGIRSTW][ABCDGIRSTW]*\)[	 ][	 ]*\([_A-Za-z][_A-Za-z0-9]*\)$/\1 \2 \2/p'\'' | sed '\''/ __gnu_lto/d'\'''
lt_cv_sys_global_symbol_to_c_name_address='sed -n -e '\''s/^: \(.*\) .*$/  {"\1", (void *) 0},/p'\'' -e '\''s/^[ABCDGIRSTW][ABCDGIRSTW]* .* \(.*\)$/  {"\1", (void *) \&\1},/p'\'''
lt_cv_sys_global_symbol_to_c_name_address_lib_prefix='sed -n -e '\''s/^: \(.*\) .*$/  {"\1", (void *) 0},/p'\'' -e '\''s/^[ABCDGIRSTW][ABCDGIRSTW]* .* \(lib.*\)$/  {"\1", (void *) \&\1},/p'\'' -e '\''s/^[ABCDGIRSTW][ABCDGIRSTW]* .* \(.*\)$/  {"lib\1", (void *) \&\1},/p'\'''
lt_cv_sys_global_symbol_to_cdecl='sed -n -e '\''s/^T .* \(.*\)$/extern int \1();/p'\'' -e '\''s/^[ABCDGIRSTW][ABCDGIRSTW]* .* \(.*\)$/extern char \1;/p'\'''
lt_cv_sys_global_symbol_to_import=
lt_cv_sys_max_cmd_len=1572864
lt_cv_to_host_file_cmd=func_convert_file_noop
lt_cv_to_tool_file_cmd=func_convert_file_noop
lt_cv_truncate_bin='/bin/dd bs=4096 count=1'

## ----------------- ##
## Output variables. ##
## ----------------- ##

ACLOCAL='${SHELL} /home/FDUSER/CloudHaoma/httperf/missing aclocal-1.15'
ALLOCA=''
AMDEPBACKSLASH='\'
AMDEP_FALSE='#'
AMDEP_TRUE=''
AMTAR='$${TAR-tar}'
AM_BACKSLASH='\'
AM_DEFAULT_V='$(AM_DEFAULT_VERBOSITY)'
AM_DEFAULT_VERBOSITY='1'
AM_V='$(V)'
AR='ar'
AUTOCONF='${SHELL} /home/FDUSER/CloudHaoma/httperf/missing autoconf'
AUTOHEADER='${SHELL} /home/FDUSER/CloudHaoma/httperf/missing autoheader'
AUTOMAKE='${SHELL} /home/FDUSER/CloudHaoma/httperf/missing automake-1.15'
AWK='mawk'
CC='gcc'
CCDEPMODE='depmode=gcc3'
CFLAGS='-g -O2 -DHAVE_SSL'
CPP='gcc -E'
CPPFLAGS=''
CYGPATH_W='echo'
DEFS='-DHAVE_CONFIG_H'
DEPDIR='.deps'
DLLTOOL='false'
DSYMUTIL=''
DUMPBIN=''
ECHO_C=''
ECHO_N='-n'
ECHO_T=''
EGREP='/bin/grep -E'
EXEEXT=''
FGREP='/bin/grep -F'
GREP='/bin/grep'
IDLECONN_FALSE=''
IDLECONN_TRUE='#'
INSTALL_DATA='${INSTALL} -m 644'
INSTALL_PROGRAM='${INSTALL}'
INSTALL_SCRIPT='${INSTALL}'
INSTALL_STRIP_PROGRAM='$(install_sh) -c -s'
LD='/usr/bin/ld -m elf_x86_64'
LDFLAGS=''
LIBOBJS=''
LIBS='-lssl -lcrypto -lm '
LIBTOOL='$(SHELL) $(top_builddir)/libtool'
LIPO=''
LN_S='ln -s'
LTLIBOBJS=''
LT_SYS_LIBRARY_PATH=''
MAKEINFO='${SHELL} /home/FDUSER/CloudHaoma/httperf/missing makeinfo'
MANIFEST_TOOL=':'
MKDIR_P='/bin/mkdir -p'
NM='/usr/bin/nm -B'
NMEDIT=''
OBJDUMP='objdump'
OBJEXT='o'
OTOOL64=''
OTOOL=''
PACKAGE='httperf'
PACKAGE_BUGREPORT='httperf@linux.hpl.hp.com'
PACKAGE_NAME='httperf'
PACKAGE_STRING='httperf 0.9.1'
PACKAGE_TARNAME='httperf'
PACKAGE_URL=''
PACKAGE_VERSION='0.9.1'
PATH_SEPARATOR=':'
POW_LIB=''
RANLIB='ranlib'
SED='/bin/sed'
SET_MAKE=''
SHELL='/bin/bash'
STRIP='strip'
VERSION='0.9.1'
ac_ct_AR='ar'
ac_ct_CC='gcc'
ac_ct_DUMPBIN=''
am__EXEEXT_FALSE=''
am__EXEEXT_TRUE='#'
am__fastdepCC_FALSE='#'
am__fastdepCC_TRUE=''
am__include='include'
am__isrc=' -I$(srcdir)'
am__leading_dot='.'
am__nodep='_no'
am__quote=''
am__tar='$${TAR-tar} chof - "$$tardir"'
am__untar='$${TAR-tar} xf -'
bindir='${exec_prefix}/bin'
build='x86_64-pc-linux-gnu'
build_alias=''
build_cpu='x86_64'
build_os='linux-gnu'
build_vendor='pc'
datadir='${datarootdir}'
datarootdir='${prefix}/share'
docdir='${datarootdir}/doc/${PACKAGE_TARNAME}'
dvidir='${docdir}'
exec_prefix='${prefix}'
host='x86_64-pc-linux-gnu'
host_alias=''
host_cpu='x86_64'
host_os='linux-gnu'
host_vendor='pc'
htmldir='${docdir}'
includedir='${prefix}/include'
infodir='${datarootdir}/info'
install_sh='${SHELL} /home/FDUSER/CloudHaoma/httperf/install-sh'
libdir='${exec_prefix}/lib'
libexecdir='${exec_prefix}/libexec'
localedir='${datarootdir}/locale'
localstatedir='${prefix}/var'
mandir='${datarootdir}/man'
mkdir_p='$(MKDIR_P)'
oldincludedir='/usr/include'
pdfdir='${docdir}'
prefix='/usr/local'
program_transform_name='s,x,x,'
psdir='${docdir}'
runstatedir='${localstatedir}/run'
sbindir='${exec_prefix}/sbin'
sharedstatedir='${prefix}/com'
sysconfdir='${prefix}/etc'
target='x86_64-pc-linux-gnu'
target_alias=''
target_cpu='x86_64'
target_os='linux-gnu'
target_vendor='pc'

## ----------- ##
## confdefs.h. ##
## ----------- ##

/* confdefs.h */
#define PACKAGE_NAME "httperf"
#define PACKAGE_TARNAME "httperf"
#define PACKAGE_VERSION "0.9.1"
#define PACKAGE_STRING "httperf 0.9.1"
#define PACKAGE_BUGREPORT "httperf@linux.hpl.hp.com"
#define PACKAGE_URL ""
#define PACKAGE "httperf"
#define VERSION "0.9.1"
#define STDC_HEADERS 1
#define HAVE_SYS_TYPES_H 1
#define HAVE_SYS_STAT_H 1
#define HAVE_STDLIB_H 1
#define HAVE_STRING_H 1
#define HAVE_MEMORY_H 1
#define HAVE_STRINGS_H 1
#define HAVE_INTTYPES_H 1
#define HAVE_STDINT_H 1
#define HAVE_UNISTD_H 1
#define __EXTENSIONS__ 1
#define _ALL_SOURCE 1
#define _GNU_SOURCE 1
#define _POSIX_PTHREAD_SEMANTICS 1
#define _TANDEM_SOURCE 1
#define HAVE_DLFCN_H 1
#define LT_OBJDIR ".libs/"
#define HAVE_LIBM 1
#define HAVE_LIBCRYPTO 1
#define HAVE_LIBSSL 1
#define HAVE_ALLOCA_H 1
#define HAVE_ALLOCA 1
#define TIME_WITH_SYS_TIME 1
#define HAVE_OPENSSL_SSL_H 1
#define HAVE_GETOPT_H 1
#define HAVE_UNSIGNED_LONG_LONG_INT 1
#define u_wide unsigned long long
#define HAVE_STDLIB_H 1
#define HAVE_UNISTD_H 1
#define HAVE_SYS_PARAM_H 1
#define HAVE_GETPAGESIZE 1
#define HAVE_MMAP 1
#define HAVE_SYS_SELECT_H 1
#define HAVE_SYS_SOCKET_H 1
#define SELECT_TYPE_ARG1 int
#define SELECT_TYPE_ARG234 (fd_set *)
#define SELECT_TYPE_ARG5 (struct timeval *)
#define RETSIGTYPE void
#define HAVE_VPRINTF 1
#define HAVE_GETOPT_LONG 1

configure: exit 0
